<?xml version="1.0" encoding="UTF-8"?>
<testsuite name="com.demo.FirstApplication.CrudTest" time="0.021" tests="2" errors="2" skipped="0" failures="0">
  <properties>
[...]
</properties>
  <testcase name="testEmployee" classname="com.demo.FirstApplication.CrudTest" time="0.02">
    <error message="WebApplicationContext is required" type="java.lang.IllegalArgumentException"><![CDATA[java.lang.IllegalArgumentException: WebApplicationContext is required
	at org.springframework.util.Assert.notNull(Assert.java:115)
	at org.springframework.test.web.servlet.setup.DefaultMockMvcBuilder.<init>(DefaultMockMvcBuilder.java:52)
	at org.springframework.test.web.servlet.setup.MockMvcBuilders.webAppContextSetup(MockMvcBuilders.java:47)
	at com.demo.FirstApplication.CrudTest.setup(CrudTest.java:23)
]]></error>
  </testcase>
  <testcase name="contextLoads" classname="com.demo.FirstApplication.CrudTest" time="0.001">
    <error message="WebApplicationContext is required" type="java.lang.IllegalArgumentException"><![CDATA[java.lang.IllegalArgumentException: WebApplicationContext is required
	at org.springframework.util.Assert.notNull(Assert.java:115)
	at org.springframework.test.web.servlet.setup.DefaultMockMvcBuilder.<init>(DefaultMockMvcBuilder.java:52)
	at org.springframework.test.web.servlet.setup.MockMvcBuilders.webAppContextSetup(MockMvcBuilders.java:47)
	at com.demo.FirstApplication.CrudTest.setup(CrudTest.java:23)
]]></error>
  </testcase>
</testsuite>